2023-07-30 09:47:14,663 [INFO] Activator:176 - 


2023-07-30 09:47:14,669 [INFO] Activator:177 - !SESSION log4j initialized
2023-07-30 09:47:20,943 [ERROR] LogOutputStream:75 - [STDERR_REDIRECT] Jul 30, 2023 9:47:20 AM org.glassfish.grizzly.http.server.NetworkListener start
2023-07-30 09:47:20,947 [ERROR] LogOutputStream:75 - [STDERR_REDIRECT] INFO: Started listener bound to [localhost:1598]
2023-07-30 09:47:20,947 [ERROR] LogOutputStream:75 - [STDERR_REDIRECT] 
2023-07-30 09:47:20,950 [ERROR] LogOutputStream:75 - [STDERR_REDIRECT] Jul 30, 2023 9:47:20 AM org.glassfish.grizzly.http.server.HttpServer start
2023-07-30 09:47:20,951 [ERROR] LogOutputStream:75 - [STDERR_REDIRECT] INFO: [HttpServer] Started.
2023-07-30 09:47:20,952 [ERROR] LogOutputStream:75 - [STDERR_REDIRECT] 
2023-07-30 09:47:22,269 [INFO] LogOutputStream:77 - [STDOUT_REDIRECT] 
2023-07-30 09:47:23,564 [INFO] ApplicationProperties:184 - Using Application install path: C:\ST\STM32CubeIDE_1.10.1\STM32CubeIDE\plugins\com.st.stm32cube.common.mx_6.9.0.202307051724
2023-07-30 09:47:23,583 [INFO] DbMcusXml:78 - Set database path to: C:\ST\STM32CubeIDE_1.10.1\STM32CubeIDE\plugins\com.st.stm32cube.common.mx_6.9.0.202307051724\\db\/mcu/
2023-07-30 09:47:23,583 [INFO] ApiDb:274 - Set plugin database path to: C:\ST\STM32CubeIDE_1.10.1\STM32CubeIDE\plugins\com.st.stm32cube.common.mx_6.9.0.202307051724\\db\/plugins/boardmanager/
2023-07-30 09:47:23,583 [WARN] ApiDb:259 - Overriding images path with different value:  => C:\ST\STM32CubeIDE_1.10.1\STM32CubeIDE\plugins\com.st.stm32cube.common.mx_6.9.0.202307051724\\db\/plugins/mcufinder/images/
2023-07-30 09:47:23,601 [INFO] ApiDb:250 - Set database path to: C:\Users\h4z3m\.stmcufinder\plugins\mcufinder//mcu/
2023-07-30 09:47:23,603 [INFO] DbMcusAds:125 - Set database path to: C:\Users\h4z3m\.stmcufinder\plugins\mcufinder//mcu/
2023-07-30 09:47:23,605 [INFO] CrossReferenceDbSqlite:203 - Set database path to: C:\Users\h4z3m\.stmcufinder\plugins\mcufinder//mcu/cs/
2023-07-30 09:47:23,794 [INFO] RulesReader:64 - Compatibility file has been processed (293 Rules)
2023-07-30 09:47:23,905 [INFO] DbMcusXml:78 - Set database path to: C:\ST\STM32CubeIDE_1.10.1\STM32CubeIDE\plugins\com.st.stm32cube.common.mx_6.9.0.202307051724\\db\/mcu/
2023-07-30 09:47:23,906 [INFO] ApiDb:274 - Set plugin database path to: C:\ST\STM32CubeIDE_1.10.1\STM32CubeIDE\plugins\com.st.stm32cube.common.mx_6.9.0.202307051724\\db\/plugins/boardmanager/
2023-07-30 09:47:23,906 [INFO] ApiDb:261 - Set plugin images path to: C:\ST\STM32CubeIDE_1.10.1\STM32CubeIDE\plugins\com.st.stm32cube.common.mx_6.9.0.202307051724\\db\/plugins/mcufinder/images/
2023-07-30 09:47:23,906 [WARN] DbFile:41 - Overriding database path with different value: C:\Users\h4z3m\.stmcufinder\plugins\mcufinder/ => C:\Users\h4z3m\.stmcufinder\plugins\mcufinder
2023-07-30 09:47:23,906 [INFO] ApiDb:250 - Set database path to: C:\Users\h4z3m\.stmcufinder\plugins\mcufinder//mcu/
2023-07-30 09:47:23,906 [WARN] DbFile:41 - Overriding database path with different value: C:\Users\h4z3m\.stmcufinder\plugins\mcufinder/ => C:\Users\h4z3m\.stmcufinder\plugins\mcufinder
2023-07-30 09:47:23,906 [INFO] DbMcusAds:125 - Set database path to: C:\Users\h4z3m\.stmcufinder\plugins\mcufinder//mcu/
2023-07-30 09:47:23,906 [WARN] DbFile:41 - Overriding database path with different value: C:\Users\h4z3m\.stmcufinder\plugins\mcufinder/ => C:\Users\h4z3m\.stmcufinder\plugins\mcufinder
2023-07-30 09:47:23,906 [WARN] DbFile:41 - Overriding database path with different value: C:\Users\h4z3m\.stmcufinder\plugins\mcufinder/ => C:\Users\h4z3m\.stmcufinder\plugins\mcufinder
2023-07-30 09:47:23,907 [INFO] CrossReferenceDbSqlite:203 - Set database path to: C:\Users\h4z3m\.stmcufinder\plugins\mcufinder//mcu/cs/
2023-07-30 09:47:24,004 [INFO] MainPanel:262 - HeapMemory: 268435456
2023-07-30 09:47:24,194 [INFO] DbMcusXml:78 - Set database path to: C:\ST\STM32CubeIDE_1.10.1\STM32CubeIDE\plugins\com.st.stm32cube.common.mx_6.9.0.202307051724\\db\/mcu/
2023-07-30 09:47:24,195 [INFO] ApiDb:274 - Set plugin database path to: C:\ST\STM32CubeIDE_1.10.1\STM32CubeIDE\plugins\com.st.stm32cube.common.mx_6.9.0.202307051724\\db\/plugins/boardmanager/
2023-07-30 09:47:24,195 [INFO] ApiDb:261 - Set plugin images path to: C:\ST\STM32CubeIDE_1.10.1\STM32CubeIDE\plugins\com.st.stm32cube.common.mx_6.9.0.202307051724\\db\/plugins/mcufinder/images/
2023-07-30 09:47:24,197 [WARN] DbFile:41 - Overriding database path with different value: C:\Users\h4z3m\.stmcufinder\plugins\mcufinder/ => C:\Users\h4z3m\.stmcufinder\plugins\mcufinder
2023-07-30 09:47:24,198 [INFO] ApiDb:250 - Set database path to: C:\Users\h4z3m\.stmcufinder\plugins\mcufinder//mcu/
2023-07-30 09:47:24,199 [WARN] DbFile:41 - Overriding database path with different value: C:\Users\h4z3m\.stmcufinder\plugins\mcufinder/ => C:\Users\h4z3m\.stmcufinder\plugins\mcufinder
2023-07-30 09:47:24,199 [INFO] DbMcusAds:125 - Set database path to: C:\Users\h4z3m\.stmcufinder\plugins\mcufinder//mcu/
2023-07-30 09:47:24,199 [WARN] DbFile:41 - Overriding database path with different value: C:\Users\h4z3m\.stmcufinder\plugins\mcufinder/ => C:\Users\h4z3m\.stmcufinder\plugins\mcufinder
2023-07-30 09:47:24,200 [WARN] DbFile:41 - Overriding database path with different value: C:\Users\h4z3m\.stmcufinder\plugins\mcufinder/ => C:\Users\h4z3m\.stmcufinder\plugins\mcufinder
2023-07-30 09:47:24,211 [INFO] CrossReferenceDbSqlite:203 - Set database path to: C:\Users\h4z3m\.stmcufinder\plugins\mcufinder//mcu/cs/
2023-07-30 09:47:24,277 [INFO] ApplicationProperties:184 - Using Application install path: C:\ST\STM32CubeIDE_1.10.1\STM32CubeIDE\plugins\com.st.stm32cube.common.mx_6.9.0.202307051724
2023-07-30 09:47:24,284 [INFO] PluginManage:196 - Search for loadable plugins [exclusion list=, ]
2023-07-30 09:47:24,291 [INFO] PluginManage:310 - Check plugin analytics
2023-07-30 09:47:24,697 [INFO] AnalyticsPlugin:253 - Accepted Software Licenses: 
2023-07-30 09:47:24,698 [INFO] AnalyticsPlugin:255 - Accepted CMSIS Pack Licenses: 
2023-07-30 09:47:24,698 [INFO] AnalyticsPlugin:257 - Accepted Firmware Licenses: FW.WB.1.16.0,FW.WB.1.15.0
2023-07-30 09:47:24,703 [INFO] PluginManage:359 - Loaded plugin analytics (category:tool,tabindex:-1)
2023-07-30 09:47:24,704 [INFO] PluginManage:310 - Check plugin cadmodel
2023-07-30 09:47:24,711 [INFO] CADModel:105 - Init CAD model plugin
2023-07-30 09:47:24,711 [INFO] PluginManage:359 - Loaded plugin cadmodel (category:power,tabindex:5)
2023-07-30 09:47:24,712 [INFO] PluginManage:310 - Check plugin clock
2023-07-30 09:47:24,727 [INFO] PluginManage:359 - Loaded plugin clock (category:base,tabindex:2)
2023-07-30 09:47:24,727 [INFO] PluginManage:310 - Check plugin ddr
2023-07-30 09:47:24,731 [INFO] PluginManage:359 - Loaded plugin ddr (category:tool,tabindex:6)
2023-07-30 09:47:24,731 [INFO] PluginManage:310 - Check plugin filemanager
2023-07-30 09:47:24,861 [INFO] PluginManage:359 - Loaded plugin filemanager (category:base,tabindex:10)
2023-07-30 09:47:24,861 [INFO] PluginManage:310 - Check plugin ipmanager
2023-07-30 09:47:24,870 [INFO] PluginManage:359 - Loaded plugin ipmanager (category:base,tabindex:5)
2023-07-30 09:47:24,870 [INFO] PluginManage:310 - Check plugin lpbam
2023-07-30 09:47:24,883 [INFO] PluginManage:359 - Loaded plugin lpbam (category:base,tabindex:0)
2023-07-30 09:47:24,884 [INFO] PluginManage:310 - Check plugin memorymap
2023-07-30 09:47:24,899 [INFO] PluginManage:359 - Loaded plugin memorymap (category:base,tabindex:4)
2023-07-30 09:47:24,899 [INFO] PluginManage:310 - Check plugin pinoutandconfiguration
2023-07-30 09:47:24,908 [INFO] PluginManage:359 - Loaded plugin pinoutandconfiguration (category:base,tabindex:1)
2023-07-30 09:47:24,908 [INFO] PluginManage:310 - Check plugin pinoutconfig
2023-07-30 09:47:24,998 [WARN] SupportedApi:132 - Cannot load RTOS API schema: s4s-elt-must-match.1: The content of 'definitions' must match (annotation?, (simpleType | complexType)?, (unique | key | keyref)*)). A problem was found starting at: attribute.
2023-07-30 09:47:25,144 [INFO] PluginManage:359 - Loaded plugin pinoutconfig (category:base,tabindex:0)
2023-07-30 09:47:25,145 [INFO] PluginManage:310 - Check plugin power
2023-07-30 09:47:25,157 [INFO] PluginManage:359 - Loaded plugin power (category:power,tabindex:4)
2023-07-30 09:47:25,157 [INFO] PluginManage:310 - Check plugin projectmanager
2023-07-30 09:47:25,173 [INFO] PluginManage:359 - Loaded plugin projectmanager (category:projectmanager,tabindex:3)
2023-07-30 09:47:25,174 [INFO] PluginManage:310 - Check plugin thirdparty
2023-07-30 09:47:25,336 [WARN] IntegrityCheckThread:84 - waiting for thirdparty lock release [integrity check]
2023-07-30 09:47:25,337 [INFO] IntegrityCheckThread:86 - entering critical section [integrity check]
2023-07-30 09:47:25,337 [INFO] PluginManage:359 - Loaded plugin thirdparty (category:base,tabindex:-1)
2023-07-30 09:47:25,337 [INFO] PluginManage:310 - Check plugin tools
2023-07-30 09:47:25,337 [INFO] ThirdPartyUpdaterWithRetryManager:70 - Updater plugin not ready yet. [1/15]
2023-07-30 09:47:25,342 [INFO] PluginManage:359 - Loaded plugin tools (category:base,tabindex:7)
2023-07-30 09:47:25,342 [INFO] PluginManage:310 - Check plugin tutovideos
2023-07-30 09:47:25,543 [INFO] PluginManage:359 - Loaded plugin tutovideos (category:base,tabindex:-1)
2023-07-30 09:47:25,543 [INFO] PluginManage:310 - Check plugin updater
2023-07-30 09:47:25,553 [INFO] PluginManage:359 - Loaded plugin updater (category:base,tabindex:12)
2023-07-30 09:47:25,553 [INFO] PluginManage:310 - Check plugin userauth
2023-07-30 09:47:25,559 [INFO] UserAuth:113 - Init User Auth plugin
2023-07-30 09:47:25,559 [INFO] PluginManage:359 - Loaded plugin userauth (category:base,tabindex:14)
2023-07-30 09:47:25,560 [INFO] PluginManage:283 - PluginManage : Loaded plugins [17]
2023-07-30 09:47:25,785 [INFO] PinOutPanel:1499 - setPackage(No Configuration,No Configuration)
2023-07-30 09:47:25,893 [INFO] CADModel:165 - CPN selected for project level
2023-07-30 09:47:25,893 [INFO] CADModel:114 - Register for checkConnection events
2023-07-30 09:47:25,907 [INFO] IPUIPlugin:80 - create IPUIPlugin
2023-07-30 09:47:25,908 [INFO] PluginManager:220 - loadIPPluginJar : add adc
2023-07-30 09:47:25,910 [INFO] IPUIPlugin:80 - create IPUIPlugin
2023-07-30 09:47:25,910 [INFO] PluginManager:220 - loadIPPluginJar : add aes
2023-07-30 09:47:25,913 [INFO] IPUIPlugin:80 - create IPUIPlugin
2023-07-30 09:47:25,913 [INFO] PluginManager:220 - loadIPPluginJar : add can
2023-07-30 09:47:25,915 [INFO] IPUIPlugin:80 - create IPUIPlugin
2023-07-30 09:47:25,915 [INFO] PluginManager:220 - loadIPPluginJar : add comp
2023-07-30 09:47:25,918 [INFO] IPUIPlugin:80 - create IPUIPlugin
2023-07-30 09:47:25,918 [INFO] PluginManager:220 - loadIPPluginJar : add cryp
2023-07-30 09:47:25,921 [INFO] IPUIPlugin:80 - create IPUIPlugin
2023-07-30 09:47:25,921 [INFO] PluginManager:220 - loadIPPluginJar : add dfsdm
2023-07-30 09:47:25,925 [INFO] IPUIPlugin:80 - create IPUIPlugin
2023-07-30 09:47:25,926 [INFO] PluginManager:220 - loadIPPluginJar : add dma
2023-07-30 09:47:25,928 [INFO] IPUIPlugin:80 - create IPUIPlugin
2023-07-30 09:47:25,928 [INFO] PluginManager:220 - loadIPPluginJar : add dma3
2023-07-30 09:47:25,930 [INFO] IPUIPlugin:80 - create IPUIPlugin
2023-07-30 09:47:25,930 [INFO] PluginManager:220 - loadIPPluginJar : add fatfs
2023-07-30 09:47:25,935 [INFO] IPUIPlugin:80 - create IPUIPlugin
2023-07-30 09:47:25,935 [INFO] PluginManager:220 - loadIPPluginJar : add fmc
2023-07-30 09:47:25,940 [INFO] IPUIPlugin:80 - create IPUIPlugin
2023-07-30 09:47:25,940 [INFO] PluginManager:220 - loadIPPluginJar : add freertos
2023-07-30 09:47:25,944 [INFO] IPUIPlugin:80 - create IPUIPlugin
2023-07-30 09:47:25,944 [INFO] PluginManager:220 - loadIPPluginJar : add genericplugin
2023-07-30 09:47:25,946 [INFO] IPUIPlugin:80 - create IPUIPlugin
2023-07-30 09:47:25,946 [INFO] PluginManager:220 - loadIPPluginJar : add gfxmmu
2023-07-30 09:47:25,950 [INFO] IPUIPlugin:80 - create IPUIPlugin
2023-07-30 09:47:25,950 [INFO] PluginManager:220 - loadIPPluginJar : add gic
2023-07-30 09:47:25,954 [INFO] IPUIPlugin:80 - create IPUIPlugin
2023-07-30 09:47:25,954 [INFO] PluginManager:220 - loadIPPluginJar : add gpio
2023-07-30 09:47:25,957 [INFO] IPUIPlugin:80 - create IPUIPlugin
2023-07-30 09:47:25,957 [INFO] PluginManager:220 - loadIPPluginJar : add gtzc
2023-07-30 09:47:25,960 [INFO] IPUIPlugin:80 - create IPUIPlugin
2023-07-30 09:47:25,960 [INFO] PluginManager:220 - loadIPPluginJar : add hash
2023-07-30 09:47:25,963 [INFO] IPUIPlugin:80 - create IPUIPlugin
2023-07-30 09:47:25,963 [INFO] PluginManager:220 - loadIPPluginJar : add i2c
2023-07-30 09:47:25,965 [INFO] IPUIPlugin:80 - create IPUIPlugin
2023-07-30 09:47:25,965 [INFO] PluginManager:220 - loadIPPluginJar : add i2s
2023-07-30 09:47:25,968 [INFO] IPUIPlugin:80 - create IPUIPlugin
2023-07-30 09:47:25,968 [INFO] PluginManager:220 - loadIPPluginJar : add i3c
2023-07-30 09:47:25,972 [INFO] IPUIPlugin:80 - create IPUIPlugin
2023-07-30 09:47:25,972 [INFO] PluginManager:220 - loadIPPluginJar : add ipddr
2023-07-30 09:47:25,981 [INFO] IPUIPlugin:80 - create IPUIPlugin
2023-07-30 09:47:25,981 [INFO] PluginManager:220 - loadIPPluginJar : add linkedlist
2023-07-30 09:47:25,985 [INFO] IPUIPlugin:80 - create IPUIPlugin
2023-07-30 09:47:25,985 [INFO] PluginManager:220 - loadIPPluginJar : add lorawan
2023-07-30 09:47:25,987 [INFO] IPUIPlugin:80 - create IPUIPlugin
2023-07-30 09:47:25,987 [INFO] PluginManager:220 - loadIPPluginJar : add ltdc
2023-07-30 09:47:25,993 [INFO] IPUIPlugin:80 - create IPUIPlugin
2023-07-30 09:47:25,994 [INFO] PluginManager:220 - loadIPPluginJar : add mdma
2023-07-30 09:47:25,998 [INFO] IPUIPlugin:80 - create IPUIPlugin
2023-07-30 09:47:25,998 [INFO] PluginManager:220 - loadIPPluginJar : add nvic
2023-07-30 09:47:26,002 [INFO] IPUIPlugin:80 - create IPUIPlugin
2023-07-30 09:47:26,002 [INFO] PluginManager:220 - loadIPPluginJar : add opamp
2023-07-30 09:47:26,007 [INFO] IPUIPlugin:80 - create IPUIPlugin
2023-07-30 09:47:26,007 [INFO] PluginManager:220 - loadIPPluginJar : add openamp
2023-07-30 09:47:26,011 [INFO] IPUIPlugin:80 - create IPUIPlugin
2023-07-30 09:47:26,011 [INFO] PluginManager:220 - loadIPPluginJar : add pdm2pcm
2023-07-30 09:47:26,018 [INFO] IPUIPlugin:80 - create IPUIPlugin
2023-07-30 09:47:26,021 [INFO] PluginManager:220 - loadIPPluginJar : add plateformsettings
2023-07-30 09:47:26,024 [INFO] IPUIPlugin:80 - create IPUIPlugin
2023-07-30 09:47:26,024 [INFO] PluginManager:220 - loadIPPluginJar : add quadspi
2023-07-30 09:47:26,028 [INFO] IPUIPlugin:80 - create IPUIPlugin
2023-07-30 09:47:26,029 [INFO] PluginManager:220 - loadIPPluginJar : add resmgrutility
2023-07-30 09:47:26,033 [INFO] IPUIPlugin:80 - create IPUIPlugin
2023-07-30 09:47:26,033 [INFO] PluginManager:220 - loadIPPluginJar : add sai
2023-07-30 09:47:26,036 [INFO] IPUIPlugin:80 - create IPUIPlugin
2023-07-30 09:47:26,036 [INFO] PluginManager:220 - loadIPPluginJar : add spi
2023-07-30 09:47:26,041 [INFO] IPUIPlugin:80 - create IPUIPlugin
2023-07-30 09:47:26,042 [INFO] PluginManager:220 - loadIPPluginJar : add stm32_wpan
2023-07-30 09:47:26,044 [INFO] IPUIPlugin:80 - create IPUIPlugin
2023-07-30 09:47:26,044 [INFO] PluginManager:220 - loadIPPluginJar : add tim
2023-07-30 09:47:26,047 [INFO] IPUIPlugin:80 - create IPUIPlugin
2023-07-30 09:47:26,047 [INFO] PluginManager:220 - loadIPPluginJar : add touchsensing
2023-07-30 09:47:26,049 [INFO] IPUIPlugin:80 - create IPUIPlugin
2023-07-30 09:47:26,049 [INFO] PluginManager:220 - loadIPPluginJar : add tracer_emb
2023-07-30 09:47:26,051 [INFO] IPUIPlugin:80 - create IPUIPlugin
2023-07-30 09:47:26,052 [INFO] PluginManager:220 - loadIPPluginJar : add ts
2023-07-30 09:47:26,053 [INFO] IPUIPlugin:80 - create IPUIPlugin
2023-07-30 09:47:26,054 [INFO] PluginManager:220 - loadIPPluginJar : add tsc
2023-07-30 09:47:26,055 [INFO] IPUIPlugin:80 - create IPUIPlugin
2023-07-30 09:47:26,056 [INFO] PluginManager:220 - loadIPPluginJar : add ucpd
2023-07-30 09:47:26,058 [INFO] IPUIPlugin:80 - create IPUIPlugin
2023-07-30 09:47:26,059 [INFO] PluginManager:220 - loadIPPluginJar : add usart
2023-07-30 09:47:26,063 [INFO] IPUIPlugin:80 - create IPUIPlugin
2023-07-30 09:47:26,063 [INFO] PluginManager:220 - loadIPPluginJar : add usbx
2023-07-30 09:47:26,183 [INFO] CADModel:165 - CPN selected for project level
2023-07-30 09:47:26,183 [INFO] CADModel:114 - Register for checkConnection events
2023-07-30 09:47:26,183 [FATAL] Updater:308 - Updater called before beeing initialized
2023-07-30 09:47:26,183 [ERROR] CADModel:125 - Updater not yet initialized, retry later 
2023-07-30 09:47:26,313 [INFO] CADModel:165 - CPN selected for project level
2023-07-30 09:47:26,313 [INFO] CADModel:114 - Register for checkConnection events
2023-07-30 09:47:26,313 [FATAL] Updater:308 - Updater called before beeing initialized
2023-07-30 09:47:26,313 [ERROR] CADModel:125 - Updater not yet initialized, retry later 
2023-07-30 09:47:26,318 [FATAL] Updater:308 - Updater called before beeing initialized
2023-07-30 09:47:26,437 [FATAL] Updater:308 - Updater called before beeing initialized
2023-07-30 09:47:26,447 [INFO] DbMcusAds:53 - JSON generation date=Tue Mar 07 10:50:55 EET 2023 (1678179055114)
2023-07-30 09:47:26,447 [FATAL] Updater:308 - Updater called before beeing initialized
2023-07-30 09:47:26,494 [WARN] DetailPanel:346 - Failed to get advertising image, set to default
2023-07-30 09:47:26,609 [FATAL] Updater:308 - Updater called before beeing initialized
2023-07-30 09:47:26,611 [FATAL] Updater:308 - Updater called before beeing initialized
2023-07-30 09:47:26,611 [FATAL] Updater:308 - Updater called before beeing initialized
2023-07-30 09:47:26,611 [WARN] DetailPanel:346 - Failed to get advertising image, set to default
2023-07-30 09:47:26,612 [FATAL] Updater:308 - Updater called before beeing initialized
2023-07-30 09:47:26,661 [ERROR] Updater:1120 - MainUpdater not yet initialized. External WinMGr cannot be set.
2023-07-30 09:47:26,664 [INFO] Updater:1056 - Updater Version found : 6.9.0
2023-07-30 09:47:26,680 [INFO] ApplicationProperties:184 - Using Application install path: C:\ST\STM32CubeIDE_1.10.1\STM32CubeIDE\plugins\com.st.stm32cube.common.mx_6.9.0.202307051724
2023-07-30 09:47:28,030 [INFO] MainUpdater:2868 - connection check result : 10
2023-07-30 09:47:28,032 [INFO] MainUpdater:285 - Updater Check For Update Now.
2023-07-30 09:47:28,033 [INFO] MicroXplorer:498 - Change Database Version : DB.6.0.90
2023-07-30 09:47:28,051 [INFO] McuFinderGlobals:63 - Set McuFinder mode to 2 (CubeIDE integrated)
2023-07-30 09:47:28,052 [INFO] UserAuth:179 - activating auth plugin
2023-07-30 09:47:28,058 [INFO] UserAuth:393 - Internet connection configuration mode: 1
2023-07-30 09:47:28,162 [INFO] JxBrowserEngine:151 - Initiate JxBrowser Engine with user profile folder
2023-07-30 09:47:28,323 [INFO] CheckServerUpdateThread:120 - End of CheckServer Thread
2023-07-30 09:47:28,543 [WARN] PackLoader:240 - Cannot read IP mode file for STMicroelectronics.X-CUBE-SMBUS.2.1.0
2023-07-30 09:47:28,601 [WARN] PackLoader:240 - Cannot read IP mode file for STMicroelectronics.X-CUBE-AZRTOS-F7.1.1.0
2023-07-30 09:47:28,626 [WARN] PackLoader:240 - Cannot read IP mode file for STMicroelectronics.FP-SNS-MOTENV1.4.3.2
2023-07-30 09:47:28,652 [ERROR] RealEvaluatedCondition:428 - Found unsupported composite condition: GROUP='STM32_MetaDataManager' CLASS='Data Exchange'
2023-07-30 09:47:28,652 [ERROR] RealEvaluatedCondition:428 - Found unsupported composite condition: CLASS='Data Exchange' GROUP='STM32_MetaDataManager'
2023-07-30 09:47:28,654 [WARN] PackLoader:240 - Cannot read IP mode file for STMicroelectronics.FP-SNS-MOTENV1.4.3.1
2023-07-30 09:47:28,672 [WARN] PackLoader:240 - Cannot read IP mode file for STMicroelectronics.FP-SNS-FLIGHT1.5.0.1
2023-07-30 09:47:28,696 [WARN] PackLoader:240 - Cannot read IP mode file for STMicroelectronics.X-CUBE-BLE1.6.2.3
2023-07-30 09:47:28,733 [WARN] PackLoader:240 - Cannot read IP mode file for STMicroelectronics.X-CUBE-BLE1.6.2.4
2023-07-30 09:47:28,750 [WARN] PackLoader:240 - Cannot read IP mode file for STMicroelectronics.FP-SNS-FLIGHT1.5.0.2
2023-07-30 09:47:28,781 [WARN] PackLoader:240 - Cannot read IP mode file for STMicroelectronics.X-CUBE-TOF1.3.1.0
2023-07-30 09:47:28,809 [WARN] PackLoader:240 - Cannot read IP mode file for STMicroelectronics.X-CUBE-DISPLAY.3.0.0
2023-07-30 09:47:28,829 [WARN] PackLoader:240 - Cannot read IP mode file for STMicroelectronics.X-CUBE-TOUCHGFX.4.22.0
2023-07-30 09:47:28,884 [WARN] PackLoader:240 - Cannot read IP mode file for STMicroelectronics.X-CUBE-MEMS1.9.3.0
2023-07-30 09:47:29,081 [WARN] PackLoader:240 - Cannot read IP mode file for STMicroelectronics.X-CUBE-AI.7.2.0
2023-07-30 09:47:29,105 [INFO] LogOutputStream:77 - [STDOUT_REDIRECT] 1 : Invalid condition id : UX_CORESTACK_Condition cause : null
2023-07-30 09:47:29,106 [INFO] LogOutputStream:77 - [STDOUT_REDIRECT] 1 : Invalid condition id : UX_CORESTACK_Condition cause : null
2023-07-30 09:47:29,108 [INFO] LogOutputStream:77 - [STDOUT_REDIRECT] 1 : Invalid condition id : UX_CORESTACK_Condition cause : null
2023-07-30 09:47:29,110 [INFO] LogOutputStream:77 - [STDOUT_REDIRECT] 1 : Invalid condition id : UX_CORESTACK_Condition cause : null
2023-07-30 09:47:29,113 [INFO] LogOutputStream:77 - [STDOUT_REDIRECT] 1 : Invalid condition id : UX_CORESTACK_Condition cause : null
2023-07-30 09:47:29,116 [WARN] PackLoader:240 - Cannot read IP mode file for STMicroelectronics.X-CUBE-AZRTOS-WL.2.0.0
2023-07-30 09:47:29,139 [WARN] PackLoader:240 - Cannot read IP mode file for WES.I-CUBE-Cesium.1.3.0
2023-07-30 09:47:29,158 [WARN] PackLoader:240 - Cannot read IP mode file for STMicroelectronics.X-CUBE-BLE2.3.3.0
2023-07-30 09:47:29,181 [WARN] PackLoader:240 - Cannot read IP mode file for STMicroelectronics.X-CUBE-DISPLAY.2.2.0
2023-07-30 09:47:29,214 [WARN] PackLoader:240 - Cannot read IP mode file for STMicroelectronics.X-CUBE-TOF1.3.2.0
2023-07-30 09:47:29,236 [WARN] PackLoader:240 - Cannot read IP mode file for STMicroelectronics.X-CUBE-ISPU.1.0.0
2023-07-30 09:47:29,277 [WARN] PackLoader:240 - Cannot read IP mode file for STMicroelectronics.X-CUBE-AZRTOS-H7.2.1.0
2023-07-30 09:47:29,295 [WARN] PackLoader:240 - Cannot read IP mode file for STMicroelectronics.X-CUBE-TOUCHGFX.4.21.1
2023-07-30 09:47:29,308 [WARN] PackLoader:240 - Cannot read IP mode file for STMicroelectronics.X-CUBE-TOUCHGFX.4.21.4
2023-07-30 09:47:29,373 [WARN] PackLoader:240 - Cannot read IP mode file for STMicroelectronics.X-CUBE-MEMS1.9.4.0
2023-07-30 09:47:29,566 [WARN] PackLoader:240 - Cannot read IP mode file for STMicroelectronics.X-CUBE-AI.7.3.0
2023-07-30 09:47:29,584 [WARN] PackLoader:240 - Cannot read IP mode file for STMicroelectronics.X-CUBE-ALGOBUILD.1.3.0
2023-07-30 09:47:29,620 [WARN] PackLoader:240 - Cannot read IP mode file for STMicroelectronics.X-CUBE-AZRTOS-G0.1.1.0
2023-07-30 09:47:29,638 [WARN] PackLoader:240 - Cannot read IP mode file for STMicroelectronics.X-CUBE-NFC4.3.0.0
2023-07-30 09:47:29,691 [WARN] PackLoader:240 - Cannot read IP mode file for SEGGER.I-CUBE-embOS.1.2.0
2023-07-30 09:47:29,755 [WARN] PackLoader:240 - Cannot read IP mode file for STMicroelectronics.X-CUBE-BLEMGR.1.3.0
2023-07-30 09:47:29,772 [WARN] PackLoader:240 - Cannot read IP mode file for STMicroelectronics.FP-ATR-SIGFOX1.3.2.0
2023-07-30 09:47:29,789 [WARN] PackLoader:240 - Cannot read IP mode file for emotas.I-CUBE-CANOPEN.1.1.2
2023-07-30 09:47:29,803 [WARN] PackLoader:240 - Cannot read IP mode file for STMicroelectronics.X-CUBE-TOUCHGFX.4.20.0
2023-07-30 09:47:29,866 [WARN] PackLoader:240 - Cannot read IP mode file for STMicroelectronics.X-CUBE-MEMS1.9.5.0
2023-07-30 09:47:30,081 [WARN] PackLoader:240 - Cannot read IP mode file for SEGGER.I-CUBE-embOS.1.3.1
2023-07-30 09:47:30,164 [WARN] PackLoader:240 - Cannot read IP mode file for STMicroelectronics.X-CUBE-GNSS1.6.0.0
2023-07-30 09:47:30,235 [WARN] PackLoader:240 - Cannot read IP mode file for STMicroelectronics.X-CUBE-AZRTOS-F4.1.1.0
2023-07-30 09:47:30,285 [WARN] PackLoader:240 - Cannot read IP mode file for STMicroelectronics.X-CUBE-BLEMGR.1.2.0
2023-07-30 09:47:30,524 [WARN] PackLoader:240 - Cannot read IP mode file for STMicroelectronics.X-CUBE-MEMS1.9.6.0
2023-07-30 09:47:30,732 [WARN] PackLoader:240 - Cannot read IP mode file for STMicroelectronics.X-CUBE-BLEMGR.2.0.0
2023-07-30 09:47:30,751 [WARN] PackLoader:240 - Cannot read IP mode file for STMicroelectronics.X-CUBE-NFC4.2.0.5
2023-07-30 09:47:30,772 [WARN] PackLoader:240 - Cannot read IP mode file for STMicroelectronics.X-CUBE-NFC4.2.0.4
2023-07-30 09:47:30,780 [INFO] WebApp:157 - Instantiating new browser for Auth
2023-07-30 09:47:30,840 [WARN] ConditionMgr:438 - getConditionDescription Invalid condition id : UX DEVICE CLASS RTOS Condition cause : null
2023-07-30 09:47:30,841 [WARN] ConditionMgr:438 - getConditionDescription Invalid condition id : UX DEVICE CLASS RTOS Condition cause : null
2023-07-30 09:47:30,846 [WARN] PackLoader:240 - Cannot read IP mode file for STMicroelectronics.X-CUBE-AZRTOS-H7.3.1.0
2023-07-30 09:47:30,848 [WARN] ConditionMgr:1039 - genDependencies : Invalid condition id : UX DEVICE CLASS RTOS Condition cause : null
2023-07-30 09:47:30,849 [WARN] ConditionMgr:1039 - genDependencies : Invalid condition id : UX DEVICE CLASS RTOS Condition cause : null
2023-07-30 09:47:30,851 [WARN] ConditionMgr:1039 - genDependencies : Invalid condition id : UX DEVICE CLASS RTOS Condition cause : null
2023-07-30 09:47:30,852 [WARN] ConditionMgr:1039 - genDependencies : Invalid condition id : UX DEVICE CLASS RTOS Condition cause : null
2023-07-30 09:47:30,852 [WARN] ConditionMgr:1039 - genDependencies : Invalid condition id : UX DEVICE CLASS RTOS Condition cause : null
2023-07-30 09:47:30,881 [WARN] PackLoader:240 - Cannot read IP mode file for wolfSSL.I-CUBE-wolfSSL.5.5.0
2023-07-30 09:47:30,909 [WARN] PackLoader:240 - Cannot read IP mode file for STMicroelectronics.X-CUBE-NFC7.1.0.1
2023-07-30 09:47:30,959 [WARN] PackLoader:240 - Cannot read IP mode file for STMicroelectronics.X-CUBE-NFC7.1.0.0
2023-07-30 09:47:30,989 [WARN] PackLoader:240 - Cannot read IP mode file for STMicroelectronics.X-CUBE-EEPRMA1.4.1.0
2023-07-30 09:47:31,053 [WARN] ConditionMgr:438 - getConditionDescription Invalid condition id : LAN8742 Phy interface Condition cause : null
2023-07-30 09:47:31,055 [WARN] PackLoader:240 - Cannot read IP mode file for STMicroelectronics.X-CUBE-AZRTOS-L4.2.0.0
2023-07-30 09:47:31,057 [WARN] ConditionMgr:1039 - genDependencies : Invalid condition id : LAN8742 Phy interface Condition cause : null
2023-07-30 09:47:31,058 [WARN] ConditionMgr:1039 - genDependencies : Invalid condition id : LAN8742 Phy interface Condition cause : null
2023-07-30 09:47:31,059 [WARN] ConditionMgr:1039 - genDependencies : Invalid condition id : LAN8742 Phy interface Condition cause : null
2023-07-30 09:47:31,085 [WARN] PackLoader:240 - Cannot read IP mode file for STMicroelectronics.X-CUBE-SFXS2LP1.4.0.0
2023-07-30 09:47:31,135 [WARN] PackLoader:240 - Cannot read IP mode file for STMicroelectronics.X-CUBE-AZRTOS-H7.3.0.0
2023-07-30 09:47:31,161 [WARN] PackLoader:240 - Cannot read IP mode file for STMicroelectronics.X-CUBE-ISPU.1.1.0
2023-07-30 09:47:31,184 [WARN] PackLoader:240 - Cannot read IP mode file for RoweBots.I-CUBE-UNISONRTOS.5.5.0-4
2023-07-30 09:47:31,213 [WARN] PackLoader:240 - Cannot read IP mode file for STMicroelectronics.X-CUBE-AI.8.0.0
2023-07-30 09:47:31,243 [WARN] PackLoader:240 - Cannot read IP mode file for STMicroelectronics.X-CUBE-FREERTOS.1.0.0
2023-07-30 09:47:31,263 [WARN] PackLoader:240 - Cannot read IP mode file for STMicroelectronics.X-CUBE-FREERTOS.1.0.1
2023-07-30 09:47:31,289 [WARN] PackLoader:240 - Cannot read IP mode file for STMicroelectronics.X-CUBE-BLEMGR.1.0.0
2023-07-30 09:47:31,345 [WARN] PackLoader:240 - Cannot read IP mode file for STMicroelectronics.X-CUBE-AZRTOS-L5.1.1.0
2023-07-30 09:47:31,366 [WARN] PackLoader:240 - Cannot read IP mode file for STMicroelectronics.X-CUBE-AI.8.0.1
2023-07-30 09:47:31,401 [WARN] PackLoader:240 - Cannot read IP mode file for STMicroelectronics.X-CUBE-SUBG2.5.0.0
2023-07-30 09:47:31,429 [WARN] PackLoader:240 - Cannot read IP mode file for STMicroelectronics.X-CUBE-TOF1.3.3.1
2023-07-30 09:47:31,481 [WARN] PackLoader:240 - Cannot read IP mode file for STMicroelectronics.X-CUBE-AZRTOS-G4.2.0.0
2023-07-30 09:47:31,516 [WARN] PackLoader:240 - Cannot read IP mode file for STMicroelectronics.X-CUBE-TOF1.3.3.0
2023-07-30 09:47:31,547 [WARN] PackLoader:240 - Cannot read IP mode file for STMicroelectronics.FP-ATR-ASTRA1.1.1.1
2023-07-30 09:47:31,575 [WARN] PackLoader:240 - Cannot read IP mode file for STMicroelectronics.X-CUBE-AZRTOS-G4.1.0.0
2023-07-30 09:47:31,605 [WARN] PackLoader:240 - Cannot read IP mode file for STMicroelectronics.X-CUBE-AZRTOS-L4.1.0.0
2023-07-30 09:47:31,630 [WARN] PackLoader:240 - Cannot read IP mode file for STMicroelectronics.X-CUBE-AZRTOS-WL.1.0.0
2023-07-30 09:47:31,655 [WARN] PackLoader:240 - Cannot read IP mode file for portGmbH.I-Cube-SoM-uGOAL.1.1.0
2023-07-30 09:47:31,671 [WARN] PackLoader:240 - Cannot read IP mode file for STMicroelectronics.X-CUBE-ALS.1.0.1
2023-07-30 09:47:31,704 [WARN] PackLoader:240 - Cannot read IP mode file for STMicroelectronics.X-CUBE-AZRTOS-WB.1.1.0
2023-07-30 09:47:31,732 [WARN] PackLoader:240 - Cannot read IP mode file for STMicroelectronics.X-CUBE-AZRTOS-L5.1.0.0
2023-07-30 09:47:31,750 [WARN] PackLoader:240 - Cannot read IP mode file for STMicroelectronics.X-CUBE-EEPRMA1.3.1.1
2023-07-30 09:47:31,762 [WARN] PackLoader:240 - Cannot read IP mode file for STMicroelectronics.FP-ATR-ASTRA1.2.0.0
2023-07-30 09:47:31,762 [INFO] ThirdParty:978 - Integrity check success = true
2023-07-30 09:47:31,762 [INFO] IntegrityCheckThread:100 - exiting critical section [integrity check]
2023-07-30 09:47:31,763 [INFO] IntegrityCheckThread:103 - End integrity checks thread
2023-07-30 09:47:31,902 [INFO] WebApp:753 - Register for checkConnection events
2023-07-30 09:47:31,902 [INFO] WebApp:390 - Apply proxy settings
2023-07-30 09:47:31,902 [INFO] WebApp:475 - Chromium requires no authentication
2023-07-30 09:47:31,914 [INFO] WebApp:418 - Direct internet connection detected
2023-07-30 09:47:32,087 [INFO] WebApp:188 - Starting web application
2023-07-30 09:47:32,087 [INFO] WebApp:520 - Web application path used C:\ST\STM32CubeIDE_1.10.1\STM32CubeIDE\plugins\com.st.stm32cube.common.mx_6.9.0.202307051724\db\plugins\mcufinder\reactClient1\index.html
