2023-06-25 17:35:07,253 [INFO] Activator:176 - 


2023-06-25 17:35:07,268 [INFO] Activator:177 - !SESSION log4j initialized
2023-06-25 17:35:09,271 [ERROR] LogOutputStream:75 - [STDERR_REDIRECT] Jun 25, 2023 5:35:09 PM org.glassfish.grizzly.http.server.NetworkListener start
2023-06-25 17:35:09,271 [ERROR] LogOutputStream:75 - [STDERR_REDIRECT] INFO: Started listener bound to [localhost:1596]
2023-06-25 17:35:09,271 [ERROR] LogOutputStream:75 - [STDERR_REDIRECT] 
2023-06-25 17:35:09,271 [ERROR] LogOutputStream:75 - [STDERR_REDIRECT] Jun 25, 2023 5:35:09 PM org.glassfish.grizzly.http.server.HttpServer start
2023-06-25 17:35:09,286 [ERROR] LogOutputStream:75 - [STDERR_REDIRECT] INFO: [HttpServer] Started.
2023-06-25 17:35:09,286 [ERROR] LogOutputStream:75 - [STDERR_REDIRECT] 
2023-06-25 17:35:10,226 [INFO] LogOutputStream:77 - [STDOUT_REDIRECT] 
2023-06-25 17:41:37,188 [INFO] LogOutputStream:77 - [STDOUT_REDIRECT] 1 : Invalid condition id : UX_CORESTACK_Condition cause : null
2023-06-25 17:41:37,188 [INFO] LogOutputStream:77 - [STDOUT_REDIRECT] 1 : Invalid condition id : UX_CORESTACK_Condition cause : null
2023-06-25 17:41:37,188 [INFO] LogOutputStream:77 - [STDOUT_REDIRECT] 1 : Invalid condition id : UX_CORESTACK_Condition cause : null
2023-06-25 17:41:37,188 [INFO] LogOutputStream:77 - [STDOUT_REDIRECT] 1 : Invalid condition id : UX_CORESTACK_Condition cause : null
2023-06-25 17:41:37,188 [INFO] LogOutputStream:77 - [STDOUT_REDIRECT] 1 : Invalid condition id : UX_CORESTACK_Condition cause : null
2023-06-25 18:50:03,926 [ERROR] ConfigurationRetriever:142 - IOException on connection: connect timed out
2023-06-25 18:50:39,418 [ERROR] ConfigurationRetriever:142 - IOException on connection: connect timed out
2023-06-25 18:51:11,611 [ERROR] ConfigurationRetriever:142 - IOException on connection: connect timed out
2023-06-25 19:00:25,156 [ERROR] ConfigurationRetriever:142 - IOException on connection: connect timed out
2023-06-25 19:02:16,956 [ERROR] ConfigurationRetriever:142 - IOException on connection: connect timed out
2023-06-25 19:07:42,758 [ERROR] LogOutputStream:75 - [STDERR_REDIRECT] Exception in thread "AWT-EventQueue-0" org.eclipse.swt.SWTException: Device is disposed
2023-06-25 19:07:42,764 [ERROR] LogOutputStream:75 - [STDERR_REDIRECT] 	at org.eclipse.swt.SWT.error(SWT.java:4918)
2023-06-25 19:07:42,765 [ERROR] LogOutputStream:75 - [STDERR_REDIRECT] 	at org.eclipse.swt.SWT.error(SWT.java:4833)
2023-06-25 19:07:42,767 [ERROR] LogOutputStream:75 - [STDERR_REDIRECT] 	at org.eclipse.swt.SWT.error(SWT.java:4804)
2023-06-25 19:07:42,767 [ERROR] LogOutputStream:75 - [STDERR_REDIRECT] 	at org.eclipse.swt.widgets.Display.error(Display.java:1272)
2023-06-25 19:07:42,767 [ERROR] LogOutputStream:75 - [STDERR_REDIRECT] 	at org.eclipse.swt.widgets.Display.asyncExec(Display.java:789)
2023-06-25 19:07:42,767 [ERROR] LogOutputStream:75 - [STDERR_REDIRECT] 	at com.st.stm32cube.common.mx.oss.core.awtswtbridge.AwtEnvironment$2.run(AwtEnvironment.java:168)
2023-06-25 19:07:42,767 [ERROR] LogOutputStream:75 - [STDERR_REDIRECT] 	at java.desktop/java.awt.event.InvocationEvent.dispatch(InvocationEvent.java:313)
2023-06-25 19:07:42,767 [ERROR] LogOutputStream:75 - [STDERR_REDIRECT] 	at java.desktop/java.awt.EventQueue.dispatchEventImpl(EventQueue.java:770)
2023-06-25 19:07:42,783 [ERROR] LogOutputStream:75 - [STDERR_REDIRECT] 	at java.desktop/java.awt.EventQueue$4.run(EventQueue.java:721)
2023-06-25 19:07:42,783 [ERROR] LogOutputStream:75 - [STDERR_REDIRECT] 	at java.desktop/java.awt.EventQueue$4.run(EventQueue.java:715)
2023-06-25 19:07:42,783 [ERROR] LogOutputStream:75 - [STDERR_REDIRECT] 	at java.base/java.security.AccessController.doPrivileged(Native Method)
2023-06-25 19:07:42,783 [ERROR] LogOutputStream:75 - [STDERR_REDIRECT] 	at java.base/java.security.ProtectionDomain$JavaSecurityAccessImpl.doIntersectionPrivilege(ProtectionDomain.java:85)
2023-06-25 19:07:42,783 [ERROR] LogOutputStream:75 - [STDERR_REDIRECT] 	at java.desktop/java.awt.EventQueue.dispatchEvent(EventQueue.java:740)
2023-06-25 19:07:42,783 [ERROR] LogOutputStream:75 - [STDERR_REDIRECT] 	at java.desktop/java.awt.EventDispatchThread.pumpOneEventForFilters(EventDispatchThread.java:203)
2023-06-25 19:07:42,799 [ERROR] LogOutputStream:75 - [STDERR_REDIRECT] 	at java.desktop/java.awt.EventDispatchThread.pumpEventsForFilter(EventDispatchThread.java:124)
2023-06-25 19:07:42,799 [ERROR] LogOutputStream:75 - [STDERR_REDIRECT] 	at java.desktop/java.awt.EventDispatchThread.pumpEventsForHierarchy(EventDispatchThread.java:113)
2023-06-25 19:07:42,799 [ERROR] LogOutputStream:75 - [STDERR_REDIRECT] 	at java.desktop/java.awt.EventDispatchThread.pumpEvents(EventDispatchThread.java:109)
2023-06-25 19:07:42,799 [ERROR] LogOutputStream:75 - [STDERR_REDIRECT] 	at java.desktop/java.awt.EventDispatchThread.pumpEvents(EventDispatchThread.java:101)
2023-06-25 19:07:42,799 [ERROR] LogOutputStream:75 - [STDERR_REDIRECT] 	at java.desktop/java.awt.EventDispatchThread.run(EventDispatchThread.java:90)
2023-06-25 19:07:43,674 [ERROR] LogOutputStream:75 - [STDERR_REDIRECT] 
2023-06-25 19:08:03,853 [INFO] Activator:176 - 


2023-06-25 19:08:03,853 [INFO] Activator:177 - !SESSION log4j initialized
2023-06-25 19:08:07,471 [ERROR] LogOutputStream:75 - [STDERR_REDIRECT] Jun 25, 2023 7:08:07 PM org.glassfish.grizzly.http.server.NetworkListener start
2023-06-25 19:08:07,471 [ERROR] LogOutputStream:75 - [STDERR_REDIRECT] INFO: Started listener bound to [localhost:1597]
2023-06-25 19:08:07,471 [ERROR] LogOutputStream:75 - [STDERR_REDIRECT] 
2023-06-25 19:08:07,471 [ERROR] LogOutputStream:75 - [STDERR_REDIRECT] Jun 25, 2023 7:08:07 PM org.glassfish.grizzly.http.server.HttpServer start
2023-06-25 19:08:07,471 [ERROR] LogOutputStream:75 - [STDERR_REDIRECT] INFO: [HttpServer] Started.
2023-06-25 19:08:07,471 [ERROR] LogOutputStream:75 - [STDERR_REDIRECT] 
2023-06-25 19:08:08,549 [INFO] LogOutputStream:77 - [STDOUT_REDIRECT] 
